Grammar

    0 $accept: program $end

    1 program: program naredba ';'
    2        | naredba ';'

    3 naredba: ID '=' izraz
    4        | PRINT '(' izraz ')'
    5        | PRINT '(' izraz ',' STRING ')'
    6        | LIST_ID '=' '[' lista ']'
    7        | LIST_ID '=' izraz

    8 izraz: BROJ
    9      | ID
   10      | '(' izraz ')'
   11      | izraz '+' izraz
   12      | izraz '-' izraz
   13      | izraz '*' izraz
   14      | izraz '/' izraz
   15      | izraz '%' izraz
   16      | izraz '^' izraz
   17      | izraz '&' izraz
   18      | izraz '|' izraz
   19      | izraz SHL izraz
   20      | izraz SHR izraz
   21      | '~' izraz
   22      | '-' izraz
   23      | LIST_ID
   24      | LIST_ID '>' BROJ
   25      | LIST_ID '<' BROJ
   26      | LIST_ID EQ BROJ
   27      | LIST_ID NEQ BROJ
   28      | MIN '(' LIST_ID ')'
   29      | MAX '(' LIST_ID ')'
   30      | NZD '(' LIST_ID ')'
   31      | NZS '(' LIST_ID ')'

   32 lista: lista ',' izraz
   33      | izraz


Terminals, with rules where they appear

    $end (0) 0
    '%' (37) 15
    '&' (38) 17
    '(' (40) 4 5 10 28 29 30 31
    ')' (41) 4 5 10 28 29 30 31
    '*' (42) 13
    '+' (43) 11
    ',' (44) 5 32
    '-' (45) 12 22
    '/' (47) 14
    ';' (59) 1 2
    '<' (60) 25
    '=' (61) 3 6 7
    '>' (62) 24
    '[' (91) 6
    ']' (93) 6
    '^' (94) 16
    '|' (124) 18
    '~' (126) 21
    error (256)
    NEQ (258) 27
    EQ (259) 26
    UMINUS (260)
    PRINT (261) 4 5
    SHL (262) 19
    SHR (263) 20
    MIN (264) 28
    MAX (265) 29
    NZS (266) 31
    NZD (267) 30
    ID <s> (268) 3 9
    LIST_ID <s> (269) 6 7 23 24 25 26 27 28 29 30 31
    STRING <str> (270) 5
    BROJ <v> (271) 8 24 25 26 27


Nonterminals, with rules where they appear

    $accept (35)
        on left: 0
    program (36)
        on left: 1 2
        on right: 0 1
    naredba (37)
        on left: 3 4 5 6 7
        on right: 1 2
    izraz <b> (38)
        on left: 8 9 10 11 12 13 14 15 16 17 18 19 20 21 22 23 24 25 26 27 28 29 30 31
        on right: 3 4 5 7 10 11 12 13 14 15 16 17 18 19 20 21 22 32 33
    lista <b> (39)
        on left: 32 33
        on right: 6 32


State 0

    0 $accept: • program $end

    PRINT    shift, and go to state 1
    ID       shift, and go to state 2
    LIST_ID  shift, and go to state 3

    program  go to state 4
    naredba  go to state 5


State 1

    4 naredba: PRINT • '(' izraz ')'
    5        | PRINT • '(' izraz ',' STRING ')'

    '('  shift, and go to state 6


State 2

    3 naredba: ID • '=' izraz

    '='  shift, and go to state 7


State 3

    6 naredba: LIST_ID • '=' '[' lista ']'
    7        | LIST_ID • '=' izraz

    '='  shift, and go to state 8


State 4

    0 $accept: program • $end
    1 program: program • naredba ';'

    $end     shift, and go to state 9
    PRINT    shift, and go to state 1
    ID       shift, and go to state 2
    LIST_ID  shift, and go to state 3

    naredba  go to state 10


State 5

    2 program: naredba • ';'

    ';'  shift, and go to state 11


State 6

    4 naredba: PRINT '(' • izraz ')'
    5        | PRINT '(' • izraz ',' STRING ')'

    '-'      shift, and go to state 12
    '~'      shift, and go to state 13
    MIN      shift, and go to state 14
    MAX      shift, and go to state 15
    NZS      shift, and go to state 16
    NZD      shift, and go to state 17
    ID       shift, and go to state 18
    LIST_ID  shift, and go to state 19
    BROJ     shift, and go to state 20
    '('      shift, and go to state 21

    izraz  go to state 22


State 7

    3 naredba: ID '=' • izraz

    '-'      shift, and go to state 12
    '~'      shift, and go to state 13
    MIN      shift, and go to state 14
    MAX      shift, and go to state 15
    NZS      shift, and go to state 16
    NZD      shift, and go to state 17
    ID       shift, and go to state 18
    LIST_ID  shift, and go to state 19
    BROJ     shift, and go to state 20
    '('      shift, and go to state 21

    izraz  go to state 23


State 8

    6 naredba: LIST_ID '=' • '[' lista ']'
    7        | LIST_ID '=' • izraz

    '-'      shift, and go to state 12
    '~'      shift, and go to state 13
    MIN      shift, and go to state 14
    MAX      shift, and go to state 15
    NZS      shift, and go to state 16
    NZD      shift, and go to state 17
    ID       shift, and go to state 18
    LIST_ID  shift, and go to state 19
    BROJ     shift, and go to state 20
    '('      shift, and go to state 21
    '['      shift, and go to state 24

    izraz  go to state 25


State 9

    0 $accept: program $end •

    $default  accept


State 10

    1 program: program naredba • ';'

    ';'  shift, and go to state 26


State 11

    2 program: naredba ';' •

    $default  reduce using rule 2 (program)


State 12

   22 izraz: '-' • izraz

    '-'      shift, and go to state 12
    '~'      shift, and go to state 13
    MIN      shift, and go to state 14
    MAX      shift, and go to state 15
    NZS      shift, and go to state 16
    NZD      shift, and go to state 17
    ID       shift, and go to state 18
    LIST_ID  shift, and go to state 19
    BROJ     shift, and go to state 20
    '('      shift, and go to state 21

    izraz  go to state 27


State 13

   21 izraz: '~' • izraz

    '-'      shift, and go to state 12
    '~'      shift, and go to state 13
    MIN      shift, and go to state 14
    MAX      shift, and go to state 15
    NZS      shift, and go to state 16
    NZD      shift, and go to state 17
    ID       shift, and go to state 18
    LIST_ID  shift, and go to state 19
    BROJ     shift, and go to state 20
    '('      shift, and go to state 21

    izraz  go to state 28


State 14

   28 izraz: MIN • '(' LIST_ID ')'

    '('  shift, and go to state 29


State 15

   29 izraz: MAX • '(' LIST_ID ')'

    '('  shift, and go to state 30


State 16

   31 izraz: NZS • '(' LIST_ID ')'

    '('  shift, and go to state 31


State 17

   30 izraz: NZD • '(' LIST_ID ')'

    '('  shift, and go to state 32


State 18

    9 izraz: ID •

    $default  reduce using rule 9 (izraz)


State 19

   23 izraz: LIST_ID •
   24      | LIST_ID • '>' BROJ
   25      | LIST_ID • '<' BROJ
   26      | LIST_ID • EQ BROJ
   27      | LIST_ID • NEQ BROJ

    NEQ  shift, and go to state 33
    EQ   shift, and go to state 34
    '<'  shift, and go to state 35
    '>'  shift, and go to state 36

    $default  reduce using rule 23 (izraz)


State 20

    8 izraz: BROJ •

    $default  reduce using rule 8 (izraz)


State 21

   10 izraz: '(' • izraz ')'

    '-'      shift, and go to state 12
    '~'      shift, and go to state 13
    MIN      shift, and go to state 14
    MAX      shift, and go to state 15
    NZS      shift, and go to state 16
    NZD      shift, and go to state 17
    ID       shift, and go to state 18
    LIST_ID  shift, and go to state 19
    BROJ     shift, and go to state 20
    '('      shift, and go to state 21

    izraz  go to state 37


State 22

    4 naredba: PRINT '(' izraz • ')'
    5        | PRINT '(' izraz • ',' STRING ')'
   11 izraz: izraz • '+' izraz
   12      | izraz • '-' izraz
   13      | izraz • '*' izraz
   14      | izraz • '/' izraz
   15      | izraz • '%' izraz
   16      | izraz • '^' izraz
   17      | izraz • '&' izraz
   18      | izraz • '|' izraz
   19      | izraz • SHL izraz
   20      | izraz • SHR izraz

    '|'  shift, and go to state 38
    '^'  shift, and go to state 39
    '&'  shift, and go to state 40
    '+'  shift, and go to state 41
    '-'  shift, and go to state 42
    '*'  shift, and go to state 43
    '/'  shift, and go to state 44
    '%'  shift, and go to state 45
    SHL  shift, and go to state 46
    SHR  shift, and go to state 47
    ')'  shift, and go to state 48
    ','  shift, and go to state 49


State 23

    3 naredba: ID '=' izraz •
   11 izraz: izraz • '+' izraz
   12      | izraz • '-' izraz
   13      | izraz • '*' izraz
   14      | izraz • '/' izraz
   15      | izraz • '%' izraz
   16      | izraz • '^' izraz
   17      | izraz • '&' izraz
   18      | izraz • '|' izraz
   19      | izraz • SHL izraz
   20      | izraz • SHR izraz

    '|'  shift, and go to state 38
    '^'  shift, and go to state 39
    '&'  shift, and go to state 40
    '+'  shift, and go to state 41
    '-'  shift, and go to state 42
    '*'  shift, and go to state 43
    '/'  shift, and go to state 44
    '%'  shift, and go to state 45
    SHL  shift, and go to state 46
    SHR  shift, and go to state 47

    $default  reduce using rule 3 (naredba)


State 24

    6 naredba: LIST_ID '=' '[' • lista ']'

    '-'      shift, and go to state 12
    '~'      shift, and go to state 13
    MIN      shift, and go to state 14
    MAX      shift, and go to state 15
    NZS      shift, and go to state 16
    NZD      shift, and go to state 17
    ID       shift, and go to state 18
    LIST_ID  shift, and go to state 19
    BROJ     shift, and go to state 20
    '('      shift, and go to state 21

    izraz  go to state 50
    lista  go to state 51


State 25

    7 naredba: LIST_ID '=' izraz •
   11 izraz: izraz • '+' izraz
   12      | izraz • '-' izraz
   13      | izraz • '*' izraz
   14      | izraz • '/' izraz
   15      | izraz • '%' izraz
   16      | izraz • '^' izraz
   17      | izraz • '&' izraz
   18      | izraz • '|' izraz
   19      | izraz • SHL izraz
   20      | izraz • SHR izraz

    '|'  shift, and go to state 38
    '^'  shift, and go to state 39
    '&'  shift, and go to state 40
    '+'  shift, and go to state 41
    '-'  shift, and go to state 42
    '*'  shift, and go to state 43
    '/'  shift, and go to state 44
    '%'  shift, and go to state 45
    SHL  shift, and go to state 46
    SHR  shift, and go to state 47

    $default  reduce using rule 7 (naredba)


State 26

    1 program: program naredba ';' •

    $default  reduce using rule 1 (program)


State 27

   11 izraz: izraz • '+' izraz
   12      | izraz • '-' izraz
   13      | izraz • '*' izraz
   14      | izraz • '/' izraz
   15      | izraz • '%' izraz
   16      | izraz • '^' izraz
   17      | izraz • '&' izraz
   18      | izraz • '|' izraz
   19      | izraz • SHL izraz
   20      | izraz • SHR izraz
   22      | '-' izraz •

    $default  reduce using rule 22 (izraz)


State 28

   11 izraz: izraz • '+' izraz
   12      | izraz • '-' izraz
   13      | izraz • '*' izraz
   14      | izraz • '/' izraz
   15      | izraz • '%' izraz
   16      | izraz • '^' izraz
   17      | izraz • '&' izraz
   18      | izraz • '|' izraz
   19      | izraz • SHL izraz
   20      | izraz • SHR izraz
   21      | '~' izraz •

    $default  reduce using rule 21 (izraz)


State 29

   28 izraz: MIN '(' • LIST_ID ')'

    LIST_ID  shift, and go to state 52


State 30

   29 izraz: MAX '(' • LIST_ID ')'

    LIST_ID  shift, and go to state 53


State 31

   31 izraz: NZS '(' • LIST_ID ')'

    LIST_ID  shift, and go to state 54


State 32

   30 izraz: NZD '(' • LIST_ID ')'

    LIST_ID  shift, and go to state 55


State 33

   27 izraz: LIST_ID NEQ • BROJ

    BROJ  shift, and go to state 56


State 34

   26 izraz: LIST_ID EQ • BROJ

    BROJ  shift, and go to state 57


State 35

   25 izraz: LIST_ID '<' • BROJ

    BROJ  shift, and go to state 58


State 36

   24 izraz: LIST_ID '>' • BROJ

    BROJ  shift, and go to state 59


State 37

   10 izraz: '(' izraz • ')'
   11      | izraz • '+' izraz
   12      | izraz • '-' izraz
   13      | izraz • '*' izraz
   14      | izraz • '/' izraz
   15      | izraz • '%' izraz
   16      | izraz • '^' izraz
   17      | izraz • '&' izraz
   18      | izraz • '|' izraz
   19      | izraz • SHL izraz
   20      | izraz • SHR izraz

    '|'  shift, and go to state 38
    '^'  shift, and go to state 39
    '&'  shift, and go to state 40
    '+'  shift, and go to state 41
    '-'  shift, and go to state 42
    '*'  shift, and go to state 43
    '/'  shift, and go to state 44
    '%'  shift, and go to state 45
    SHL  shift, and go to state 46
    SHR  shift, and go to state 47
    ')'  shift, and go to state 60


State 38

   18 izraz: izraz '|' • izraz

    '-'      shift, and go to state 12
    '~'      shift, and go to state 13
    MIN      shift, and go to state 14
    MAX      shift, and go to state 15
    NZS      shift, and go to state 16
    NZD      shift, and go to state 17
    ID       shift, and go to state 18
    LIST_ID  shift, and go to state 19
    BROJ     shift, and go to state 20
    '('      shift, and go to state 21

    izraz  go to state 61


State 39

   16 izraz: izraz '^' • izraz

    '-'      shift, and go to state 12
    '~'      shift, and go to state 13
    MIN      shift, and go to state 14
    MAX      shift, and go to state 15
    NZS      shift, and go to state 16
    NZD      shift, and go to state 17
    ID       shift, and go to state 18
    LIST_ID  shift, and go to state 19
    BROJ     shift, and go to state 20
    '('      shift, and go to state 21

    izraz  go to state 62


State 40

   17 izraz: izraz '&' • izraz

    '-'      shift, and go to state 12
    '~'      shift, and go to state 13
    MIN      shift, and go to state 14
    MAX      shift, and go to state 15
    NZS      shift, and go to state 16
    NZD      shift, and go to state 17
    ID       shift, and go to state 18
    LIST_ID  shift, and go to state 19
    BROJ     shift, and go to state 20
    '('      shift, and go to state 21

    izraz  go to state 63


State 41

   11 izraz: izraz '+' • izraz

    '-'      shift, and go to state 12
    '~'      shift, and go to state 13
    MIN      shift, and go to state 14
    MAX      shift, and go to state 15
    NZS      shift, and go to state 16
    NZD      shift, and go to state 17
    ID       shift, and go to state 18
    LIST_ID  shift, and go to state 19
    BROJ     shift, and go to state 20
    '('      shift, and go to state 21

    izraz  go to state 64


State 42

   12 izraz: izraz '-' • izraz

    '-'      shift, and go to state 12
    '~'      shift, and go to state 13
    MIN      shift, and go to state 14
    MAX      shift, and go to state 15
    NZS      shift, and go to state 16
    NZD      shift, and go to state 17
    ID       shift, and go to state 18
    LIST_ID  shift, and go to state 19
    BROJ     shift, and go to state 20
    '('      shift, and go to state 21

    izraz  go to state 65


State 43

   13 izraz: izraz '*' • izraz

    '-'      shift, and go to state 12
    '~'      shift, and go to state 13
    MIN      shift, and go to state 14
    MAX      shift, and go to state 15
    NZS      shift, and go to state 16
    NZD      shift, and go to state 17
    ID       shift, and go to state 18
    LIST_ID  shift, and go to state 19
    BROJ     shift, and go to state 20
    '('      shift, and go to state 21

    izraz  go to state 66


State 44

   14 izraz: izraz '/' • izraz

    '-'      shift, and go to state 12
    '~'      shift, and go to state 13
    MIN      shift, and go to state 14
    MAX      shift, and go to state 15
    NZS      shift, and go to state 16
    NZD      shift, and go to state 17
    ID       shift, and go to state 18
    LIST_ID  shift, and go to state 19
    BROJ     shift, and go to state 20
    '('      shift, and go to state 21

    izraz  go to state 67


State 45

   15 izraz: izraz '%' • izraz

    '-'      shift, and go to state 12
    '~'      shift, and go to state 13
    MIN      shift, and go to state 14
    MAX      shift, and go to state 15
    NZS      shift, and go to state 16
    NZD      shift, and go to state 17
    ID       shift, and go to state 18
    LIST_ID  shift, and go to state 19
    BROJ     shift, and go to state 20
    '('      shift, and go to state 21

    izraz  go to state 68


State 46

   19 izraz: izraz SHL • izraz

    '-'      shift, and go to state 12
    '~'      shift, and go to state 13
    MIN      shift, and go to state 14
    MAX      shift, and go to state 15
    NZS      shift, and go to state 16
    NZD      shift, and go to state 17
    ID       shift, and go to state 18
    LIST_ID  shift, and go to state 19
    BROJ     shift, and go to state 20
    '('      shift, and go to state 21

    izraz  go to state 69


State 47

   20 izraz: izraz SHR • izraz

    '-'      shift, and go to state 12
    '~'      shift, and go to state 13
    MIN      shift, and go to state 14
    MAX      shift, and go to state 15
    NZS      shift, and go to state 16
    NZD      shift, and go to state 17
    ID       shift, and go to state 18
    LIST_ID  shift, and go to state 19
    BROJ     shift, and go to state 20
    '('      shift, and go to state 21

    izraz  go to state 70


State 48

    4 naredba: PRINT '(' izraz ')' •

    $default  reduce using rule 4 (naredba)


State 49

    5 naredba: PRINT '(' izraz ',' • STRING ')'

    STRING  shift, and go to state 71


State 50

   11 izraz: izraz • '+' izraz
   12      | izraz • '-' izraz
   13      | izraz • '*' izraz
   14      | izraz • '/' izraz
   15      | izraz • '%' izraz
   16      | izraz • '^' izraz
   17      | izraz • '&' izraz
   18      | izraz • '|' izraz
   19      | izraz • SHL izraz
   20      | izraz • SHR izraz
   33 lista: izraz •

    '|'  shift, and go to state 38
    '^'  shift, and go to state 39
    '&'  shift, and go to state 40
    '+'  shift, and go to state 41
    '-'  shift, and go to state 42
    '*'  shift, and go to state 43
    '/'  shift, and go to state 44
    '%'  shift, and go to state 45
    SHL  shift, and go to state 46
    SHR  shift, and go to state 47

    $default  reduce using rule 33 (lista)


State 51

    6 naredba: LIST_ID '=' '[' lista • ']'
   32 lista: lista • ',' izraz

    ','  shift, and go to state 72
    ']'  shift, and go to state 73


State 52

   28 izraz: MIN '(' LIST_ID • ')'

    ')'  shift, and go to state 74


State 53

   29 izraz: MAX '(' LIST_ID • ')'

    ')'  shift, and go to state 75


State 54

   31 izraz: NZS '(' LIST_ID • ')'

    ')'  shift, and go to state 76


State 55

   30 izraz: NZD '(' LIST_ID • ')'

    ')'  shift, and go to state 77


State 56

   27 izraz: LIST_ID NEQ BROJ •

    $default  reduce using rule 27 (izraz)


State 57

   26 izraz: LIST_ID EQ BROJ •

    $default  reduce using rule 26 (izraz)


State 58

   25 izraz: LIST_ID '<' BROJ •

    $default  reduce using rule 25 (izraz)


State 59

   24 izraz: LIST_ID '>' BROJ •

    $default  reduce using rule 24 (izraz)


State 60

   10 izraz: '(' izraz ')' •

    $default  reduce using rule 10 (izraz)


State 61

   11 izraz: izraz • '+' izraz
   12      | izraz • '-' izraz
   13      | izraz • '*' izraz
   14      | izraz • '/' izraz
   15      | izraz • '%' izraz
   16      | izraz • '^' izraz
   17      | izraz • '&' izraz
   18      | izraz • '|' izraz
   18      | izraz '|' izraz •
   19      | izraz • SHL izraz
   20      | izraz • SHR izraz

    '^'  shift, and go to state 39
    '&'  shift, and go to state 40
    '+'  shift, and go to state 41
    '-'  shift, and go to state 42
    '*'  shift, and go to state 43
    '/'  shift, and go to state 44
    '%'  shift, and go to state 45
    SHL  shift, and go to state 46
    SHR  shift, and go to state 47

    $default  reduce using rule 18 (izraz)


State 62

   11 izraz: izraz • '+' izraz
   12      | izraz • '-' izraz
   13      | izraz • '*' izraz
   14      | izraz • '/' izraz
   15      | izraz • '%' izraz
   16      | izraz • '^' izraz
   16      | izraz '^' izraz •
   17      | izraz • '&' izraz
   18      | izraz • '|' izraz
   19      | izraz • SHL izraz
   20      | izraz • SHR izraz

    '&'  shift, and go to state 40
    '+'  shift, and go to state 41
    '-'  shift, and go to state 42
    '*'  shift, and go to state 43
    '/'  shift, and go to state 44
    '%'  shift, and go to state 45
    SHL  shift, and go to state 46
    SHR  shift, and go to state 47

    $default  reduce using rule 16 (izraz)


State 63

   11 izraz: izraz • '+' izraz
   12      | izraz • '-' izraz
   13      | izraz • '*' izraz
   14      | izraz • '/' izraz
   15      | izraz • '%' izraz
   16      | izraz • '^' izraz
   17      | izraz • '&' izraz
   17      | izraz '&' izraz •
   18      | izraz • '|' izraz
   19      | izraz • SHL izraz
   20      | izraz • SHR izraz

    '+'  shift, and go to state 41
    '-'  shift, and go to state 42
    '*'  shift, and go to state 43
    '/'  shift, and go to state 44
    '%'  shift, and go to state 45
    SHL  shift, and go to state 46
    SHR  shift, and go to state 47

    $default  reduce using rule 17 (izraz)


State 64

   11 izraz: izraz • '+' izraz
   11      | izraz '+' izraz •
   12      | izraz • '-' izraz
   13      | izraz • '*' izraz
   14      | izraz • '/' izraz
   15      | izraz • '%' izraz
   16      | izraz • '^' izraz
   17      | izraz • '&' izraz
   18      | izraz • '|' izraz
   19      | izraz • SHL izraz
   20      | izraz • SHR izraz

    '*'  shift, and go to state 43
    '/'  shift, and go to state 44
    '%'  shift, and go to state 45

    $default  reduce using rule 11 (izraz)


State 65

   11 izraz: izraz • '+' izraz
   12      | izraz • '-' izraz
   12      | izraz '-' izraz •
   13      | izraz • '*' izraz
   14      | izraz • '/' izraz
   15      | izraz • '%' izraz
   16      | izraz • '^' izraz
   17      | izraz • '&' izraz
   18      | izraz • '|' izraz
   19      | izraz • SHL izraz
   20      | izraz • SHR izraz

    '*'  shift, and go to state 43
    '/'  shift, and go to state 44
    '%'  shift, and go to state 45

    $default  reduce using rule 12 (izraz)


State 66

   11 izraz: izraz • '+' izraz
   12      | izraz • '-' izraz
   13      | izraz • '*' izraz
   13      | izraz '*' izraz •
   14      | izraz • '/' izraz
   15      | izraz • '%' izraz
   16      | izraz • '^' izraz
   17      | izraz • '&' izraz
   18      | izraz • '|' izraz
   19      | izraz • SHL izraz
   20      | izraz • SHR izraz

    $default  reduce using rule 13 (izraz)


State 67

   11 izraz: izraz • '+' izraz
   12      | izraz • '-' izraz
   13      | izraz • '*' izraz
   14      | izraz • '/' izraz
   14      | izraz '/' izraz •
   15      | izraz • '%' izraz
   16      | izraz • '^' izraz
   17      | izraz • '&' izraz
   18      | izraz • '|' izraz
   19      | izraz • SHL izraz
   20      | izraz • SHR izraz

    $default  reduce using rule 14 (izraz)


State 68

   11 izraz: izraz • '+' izraz
   12      | izraz • '-' izraz
   13      | izraz • '*' izraz
   14      | izraz • '/' izraz
   15      | izraz • '%' izraz
   15      | izraz '%' izraz •
   16      | izraz • '^' izraz
   17      | izraz • '&' izraz
   18      | izraz • '|' izraz
   19      | izraz • SHL izraz
   20      | izraz • SHR izraz

    $default  reduce using rule 15 (izraz)


State 69

   11 izraz: izraz • '+' izraz
   12      | izraz • '-' izraz
   13      | izraz • '*' izraz
   14      | izraz • '/' izraz
   15      | izraz • '%' izraz
   16      | izraz • '^' izraz
   17      | izraz • '&' izraz
   18      | izraz • '|' izraz
   19      | izraz • SHL izraz
   19      | izraz SHL izraz •
   20      | izraz • SHR izraz

    '+'  shift, and go to state 41
    '-'  shift, and go to state 42
    '*'  shift, and go to state 43
    '/'  shift, and go to state 44
    '%'  shift, and go to state 45

    $default  reduce using rule 19 (izraz)


State 70

   11 izraz: izraz • '+' izraz
   12      | izraz • '-' izraz
   13      | izraz • '*' izraz
   14      | izraz • '/' izraz
   15      | izraz • '%' izraz
   16      | izraz • '^' izraz
   17      | izraz • '&' izraz
   18      | izraz • '|' izraz
   19      | izraz • SHL izraz
   20      | izraz • SHR izraz
   20      | izraz SHR izraz •

    '+'  shift, and go to state 41
    '-'  shift, and go to state 42
    '*'  shift, and go to state 43
    '/'  shift, and go to state 44
    '%'  shift, and go to state 45

    $default  reduce using rule 20 (izraz)


State 71

    5 naredba: PRINT '(' izraz ',' STRING • ')'

    ')'  shift, and go to state 78


State 72

   32 lista: lista ',' • izraz

    '-'      shift, and go to state 12
    '~'      shift, and go to state 13
    MIN      shift, and go to state 14
    MAX      shift, and go to state 15
    NZS      shift, and go to state 16
    NZD      shift, and go to state 17
    ID       shift, and go to state 18
    LIST_ID  shift, and go to state 19
    BROJ     shift, and go to state 20
    '('      shift, and go to state 21

    izraz  go to state 79


State 73

    6 naredba: LIST_ID '=' '[' lista ']' •

    $default  reduce using rule 6 (naredba)


State 74

   28 izraz: MIN '(' LIST_ID ')' •

    $default  reduce using rule 28 (izraz)


State 75

   29 izraz: MAX '(' LIST_ID ')' •

    $default  reduce using rule 29 (izraz)


State 76

   31 izraz: NZS '(' LIST_ID ')' •

    $default  reduce using rule 31 (izraz)


State 77

   30 izraz: NZD '(' LIST_ID ')' •

    $default  reduce using rule 30 (izraz)


State 78

    5 naredba: PRINT '(' izraz ',' STRING ')' •

    $default  reduce using rule 5 (naredba)


State 79

   11 izraz: izraz • '+' izraz
   12      | izraz • '-' izraz
   13      | izraz • '*' izraz
   14      | izraz • '/' izraz
   15      | izraz • '%' izraz
   16      | izraz • '^' izraz
   17      | izraz • '&' izraz
   18      | izraz • '|' izraz
   19      | izraz • SHL izraz
   20      | izraz • SHR izraz
   32 lista: lista ',' izraz •

    '|'  shift, and go to state 38
    '^'  shift, and go to state 39
    '&'  shift, and go to state 40
    '+'  shift, and go to state 41
    '-'  shift, and go to state 42
    '*'  shift, and go to state 43
    '/'  shift, and go to state 44
    '%'  shift, and go to state 45
    SHL  shift, and go to state 46
    SHR  shift, and go to state 47

    $default  reduce using rule 32 (lista)
