Grammar

    0 $accept: program $end

    1 program: program naredba ';'
    2        | naredba ';'

    3 naredba: ID DODELA izraz
    4        | PRINT_T '(' izraz ')'
    5        | izraz '.' izraz
    6        | '|' izraz '|'
    7        | EQV_T '(' izraz ',' izraz ')'
    8        | UGAO_T '(' izraz ',' izraz ')'

    9 izraz: ID
   10      | izraz '+' izraz
   11      | izraz '-' izraz
   12      | BROJ '*' izraz
   13      | '<' lista_koef '>'

   14 lista_koef: lista_koef ',' koef
   15           | koef

   16 koef: BROJ
   17     | '-' BROJ


Terminals, with rules where they appear

    $end (0) 0
    '(' (40) 4 7 8
    ')' (41) 4 7 8
    '*' (42) 12
    '+' (43) 10
    ',' (44) 7 8 14
    '-' (45) 11 17
    '.' (46) 5
    ';' (59) 1 2
    '<' (60) 13
    '>' (62) 13
    '|' (124) 6
    error (256)
    UMINUS (258)
    DODELA (259) 3
    PRINT_T (260) 4
    EQV_T (261) 7
    UGAO_T (262) 8
    ID <s> (263) 3 9
    BROJ <v> (264) 12 16 17


Nonterminals, with rules where they appear

    $accept (21)
        on left: 0
    program (22)
        on left: 1 2
        on right: 0 1
    naredba (23)
        on left: 3 4 5 6 7 8
        on right: 1 2
    izraz <vek> (24)
        on left: 9 10 11 12 13
        on right: 3 4 5 6 7 8 10 11 12
    lista_koef <vek> (25)
        on left: 14 15
        on right: 13 14
    koef <v> (26)
        on left: 16 17
        on right: 14 15


State 0

    0 $accept: • program $end

    PRINT_T  shift, and go to state 1
    EQV_T    shift, and go to state 2
    UGAO_T   shift, and go to state 3
    ID       shift, and go to state 4
    BROJ     shift, and go to state 5
    '|'      shift, and go to state 6
    '<'      shift, and go to state 7

    program  go to state 8
    naredba  go to state 9
    izraz    go to state 10


State 1

    4 naredba: PRINT_T • '(' izraz ')'

    '('  shift, and go to state 11


State 2

    7 naredba: EQV_T • '(' izraz ',' izraz ')'

    '('  shift, and go to state 12


State 3

    8 naredba: UGAO_T • '(' izraz ',' izraz ')'

    '('  shift, and go to state 13


State 4

    3 naredba: ID • DODELA izraz
    9 izraz: ID •

    DODELA  shift, and go to state 14

    $default  reduce using rule 9 (izraz)


State 5

   12 izraz: BROJ • '*' izraz

    '*'  shift, and go to state 15


State 6

    6 naredba: '|' • izraz '|'

    ID    shift, and go to state 16
    BROJ  shift, and go to state 5
    '<'   shift, and go to state 7

    izraz  go to state 17


State 7

   13 izraz: '<' • lista_koef '>'

    '-'   shift, and go to state 18
    BROJ  shift, and go to state 19

    lista_koef  go to state 20
    koef        go to state 21


State 8

    0 $accept: program • $end
    1 program: program • naredba ';'

    $end     shift, and go to state 22
    PRINT_T  shift, and go to state 1
    EQV_T    shift, and go to state 2
    UGAO_T   shift, and go to state 3
    ID       shift, and go to state 4
    BROJ     shift, and go to state 5
    '|'      shift, and go to state 6
    '<'      shift, and go to state 7

    naredba  go to state 23
    izraz    go to state 10


State 9

    2 program: naredba • ';'

    ';'  shift, and go to state 24


State 10

    5 naredba: izraz • '.' izraz
   10 izraz: izraz • '+' izraz
   11      | izraz • '-' izraz

    '+'  shift, and go to state 25
    '-'  shift, and go to state 26
    '.'  shift, and go to state 27


State 11

    4 naredba: PRINT_T '(' • izraz ')'

    ID    shift, and go to state 16
    BROJ  shift, and go to state 5
    '<'   shift, and go to state 7

    izraz  go to state 28


State 12

    7 naredba: EQV_T '(' • izraz ',' izraz ')'

    ID    shift, and go to state 16
    BROJ  shift, and go to state 5
    '<'   shift, and go to state 7

    izraz  go to state 29


State 13

    8 naredba: UGAO_T '(' • izraz ',' izraz ')'

    ID    shift, and go to state 16
    BROJ  shift, and go to state 5
    '<'   shift, and go to state 7

    izraz  go to state 30


State 14

    3 naredba: ID DODELA • izraz

    ID    shift, and go to state 16
    BROJ  shift, and go to state 5
    '<'   shift, and go to state 7

    izraz  go to state 31


State 15

   12 izraz: BROJ '*' • izraz

    ID    shift, and go to state 16
    BROJ  shift, and go to state 5
    '<'   shift, and go to state 7

    izraz  go to state 32


State 16

    9 izraz: ID •

    $default  reduce using rule 9 (izraz)


State 17

    6 naredba: '|' izraz • '|'
   10 izraz: izraz • '+' izraz
   11      | izraz • '-' izraz

    '+'  shift, and go to state 25
    '-'  shift, and go to state 26
    '|'  shift, and go to state 33


State 18

   17 koef: '-' • BROJ

    BROJ  shift, and go to state 34


State 19

   16 koef: BROJ •

    $default  reduce using rule 16 (koef)


State 20

   13 izraz: '<' lista_koef • '>'
   14 lista_koef: lista_koef • ',' koef

    ','  shift, and go to state 35
    '>'  shift, and go to state 36


State 21

   15 lista_koef: koef •

    $default  reduce using rule 15 (lista_koef)


State 22

    0 $accept: program $end •

    $default  accept


State 23

    1 program: program naredba • ';'

    ';'  shift, and go to state 37


State 24

    2 program: naredba ';' •

    $default  reduce using rule 2 (program)


State 25

   10 izraz: izraz '+' • izraz

    ID    shift, and go to state 16
    BROJ  shift, and go to state 5
    '<'   shift, and go to state 7

    izraz  go to state 38


State 26

   11 izraz: izraz '-' • izraz

    ID    shift, and go to state 16
    BROJ  shift, and go to state 5
    '<'   shift, and go to state 7

    izraz  go to state 39


State 27

    5 naredba: izraz '.' • izraz

    ID    shift, and go to state 16
    BROJ  shift, and go to state 5
    '<'   shift, and go to state 7

    izraz  go to state 40


State 28

    4 naredba: PRINT_T '(' izraz • ')'
   10 izraz: izraz • '+' izraz
   11      | izraz • '-' izraz

    '+'  shift, and go to state 25
    '-'  shift, and go to state 26
    ')'  shift, and go to state 41


State 29

    7 naredba: EQV_T '(' izraz • ',' izraz ')'
   10 izraz: izraz • '+' izraz
   11      | izraz • '-' izraz

    '+'  shift, and go to state 25
    '-'  shift, and go to state 26
    ','  shift, and go to state 42


State 30

    8 naredba: UGAO_T '(' izraz • ',' izraz ')'
   10 izraz: izraz • '+' izraz
   11      | izraz • '-' izraz

    '+'  shift, and go to state 25
    '-'  shift, and go to state 26
    ','  shift, and go to state 43


State 31

    3 naredba: ID DODELA izraz •
   10 izraz: izraz • '+' izraz
   11      | izraz • '-' izraz

    '+'  shift, and go to state 25
    '-'  shift, and go to state 26

    $default  reduce using rule 3 (naredba)


State 32

   10 izraz: izraz • '+' izraz
   11      | izraz • '-' izraz
   12      | BROJ '*' izraz •

    $default  reduce using rule 12 (izraz)


State 33

    6 naredba: '|' izraz '|' •

    $default  reduce using rule 6 (naredba)


State 34

   17 koef: '-' BROJ •

    $default  reduce using rule 17 (koef)


State 35

   14 lista_koef: lista_koef ',' • koef

    '-'   shift, and go to state 18
    BROJ  shift, and go to state 19

    koef  go to state 44


State 36

   13 izraz: '<' lista_koef '>' •

    $default  reduce using rule 13 (izraz)


State 37

    1 program: program naredba ';' •

    $default  reduce using rule 1 (program)


State 38

   10 izraz: izraz • '+' izraz
   10      | izraz '+' izraz •
   11      | izraz • '-' izraz

    $default  reduce using rule 10 (izraz)


State 39

   10 izraz: izraz • '+' izraz
   11      | izraz • '-' izraz
   11      | izraz '-' izraz •

    $default  reduce using rule 11 (izraz)


State 40

    5 naredba: izraz '.' izraz •
   10 izraz: izraz • '+' izraz
   11      | izraz • '-' izraz

    '+'  shift, and go to state 25
    '-'  shift, and go to state 26

    $default  reduce using rule 5 (naredba)


State 41

    4 naredba: PRINT_T '(' izraz ')' •

    $default  reduce using rule 4 (naredba)


State 42

    7 naredba: EQV_T '(' izraz ',' • izraz ')'

    ID    shift, and go to state 16
    BROJ  shift, and go to state 5
    '<'   shift, and go to state 7

    izraz  go to state 45


State 43

    8 naredba: UGAO_T '(' izraz ',' • izraz ')'

    ID    shift, and go to state 16
    BROJ  shift, and go to state 5
    '<'   shift, and go to state 7

    izraz  go to state 46


State 44

   14 lista_koef: lista_koef ',' koef •

    $default  reduce using rule 14 (lista_koef)


State 45

    7 naredba: EQV_T '(' izraz ',' izraz • ')'
   10 izraz: izraz • '+' izraz
   11      | izraz • '-' izraz

    '+'  shift, and go to state 25
    '-'  shift, and go to state 26
    ')'  shift, and go to state 47


State 46

    8 naredba: UGAO_T '(' izraz ',' izraz • ')'
   10 izraz: izraz • '+' izraz
   11      | izraz • '-' izraz

    '+'  shift, and go to state 25
    '-'  shift, and go to state 26
    ')'  shift, and go to state 48


State 47

    7 naredba: EQV_T '(' izraz ',' izraz ')' •

    $default  reduce using rule 7 (naredba)


State 48

    8 naredba: UGAO_T '(' izraz ',' izraz ')' •

    $default  reduce using rule 8 (naredba)
