Grammar

    0 $accept: program $end

    1 program: program naredba '\n'
    2        | naredba '\n'

    3 naredba: ID DODELA izraz
    4        | PRINT_T '(' izraz ')'
    5        | ID DODELA LIST_T '(' lista ')'

    6 izraz: DEF_T izraz
    7      | '(' '<' BROJ ',' BROJ '>' ',' '<' BROJ ',' BROJ '>' ')'
    8      | izraz '+' izraz
    9      | izraz '-' izraz
   10      | '-' izraz
   11      | num '*' izraz
   12      | izraz '*' num
   13      | '(' izraz ')'
   14      | SIM_T '(' izraz ')'
   15      | REFLX_T '(' izraz ')'
   16      | REFLY_T '(' izraz ')'
   17      | ROT_T '(' izraz ',' num ')'
   18      | ID '[' BROJ ']'
   19      | ID

   20 num: '|' izraz '|'
   21    | ANGLE_T '(' izraz ',' izraz ')'
   22    | BROJ

   23 lista: lista ',' izraz
   24      | izraz


Terminals, with rules where they appear

    $end (0) 0
    '\n' (10) 1 2
    '(' (40) 4 5 7 13 14 15 16 17 21
    ')' (41) 4 5 7 13 14 15 16 17 21
    '*' (42) 11 12
    '+' (43) 8
    ',' (44) 7 17 21 23
    '-' (45) 9 10
    '<' (60) 7
    '>' (62) 7
    '[' (91) 18
    ']' (93) 18
    '|' (124) 20
    error (256)
    UMINUS (258)
    DODELA (259) 3 5
    DEF_T (260) 6
    PRINT_T (261) 4
    REFLX_T (262) 15
    REFLY_T (263) 16
    SIM_T (264) 14
    ANGLE_T (265) 21
    ROT_T (266) 17
    LIST_T (267) 5
    ID <ime> (268) 3 5 18 19
    BROJ <v> (269) 7 18 22


Nonterminals, with rules where they appear

    $accept (27)
        on left: 0
    program (28)
        on left: 1 2
        on right: 0 1
    naredba (29)
        on left: 3 4 5
        on right: 1 2
    izraz <vektor> (30)
        on left: 6 7 8 9 10 11 12 13 14 15 16 17 18 19
        on right: 3 4 6 8 9 10 11 12 13 14 15 16 17 20 21 23 24
    num <v> (31)
        on left: 20 21 22
        on right: 11 12 17
    lista <nizVektora> (32)
        on left: 23 24
        on right: 5 23


State 0

    0 $accept: • program $end

    PRINT_T  shift, and go to state 1
    ID       shift, and go to state 2

    program  go to state 3
    naredba  go to state 4


State 1

    4 naredba: PRINT_T • '(' izraz ')'

    '('  shift, and go to state 5


State 2

    3 naredba: ID • DODELA izraz
    5        | ID • DODELA LIST_T '(' lista ')'

    DODELA  shift, and go to state 6


State 3

    0 $accept: program • $end
    1 program: program • naredba '\n'

    $end     shift, and go to state 7
    PRINT_T  shift, and go to state 1
    ID       shift, and go to state 2

    naredba  go to state 8


State 4

    2 program: naredba • '\n'

    '\n'  shift, and go to state 9


State 5

    4 naredba: PRINT_T '(' • izraz ')'

    '-'      shift, and go to state 10
    DEF_T    shift, and go to state 11
    REFLX_T  shift, and go to state 12
    REFLY_T  shift, and go to state 13
    SIM_T    shift, and go to state 14
    ANGLE_T  shift, and go to state 15
    ROT_T    shift, and go to state 16
    ID       shift, and go to state 17
    BROJ     shift, and go to state 18
    '('      shift, and go to state 19
    '|'      shift, and go to state 20

    izraz  go to state 21
    num    go to state 22


State 6

    3 naredba: ID DODELA • izraz
    5        | ID DODELA • LIST_T '(' lista ')'

    '-'      shift, and go to state 10
    DEF_T    shift, and go to state 11
    REFLX_T  shift, and go to state 12
    REFLY_T  shift, and go to state 13
    SIM_T    shift, and go to state 14
    ANGLE_T  shift, and go to state 15
    ROT_T    shift, and go to state 16
    LIST_T   shift, and go to state 23
    ID       shift, and go to state 17
    BROJ     shift, and go to state 18
    '('      shift, and go to state 19
    '|'      shift, and go to state 20

    izraz  go to state 24
    num    go to state 22


State 7

    0 $accept: program $end •

    $default  accept


State 8

    1 program: program naredba • '\n'

    '\n'  shift, and go to state 25


State 9

    2 program: naredba '\n' •

    $default  reduce using rule 2 (program)


State 10

   10 izraz: '-' • izraz

    '-'      shift, and go to state 10
    DEF_T    shift, and go to state 11
    REFLX_T  shift, and go to state 12
    REFLY_T  shift, and go to state 13
    SIM_T    shift, and go to state 14
    ANGLE_T  shift, and go to state 15
    ROT_T    shift, and go to state 16
    ID       shift, and go to state 17
    BROJ     shift, and go to state 18
    '('      shift, and go to state 19
    '|'      shift, and go to state 20

    izraz  go to state 26
    num    go to state 22


State 11

    6 izraz: DEF_T • izraz

    '-'      shift, and go to state 10
    DEF_T    shift, and go to state 11
    REFLX_T  shift, and go to state 12
    REFLY_T  shift, and go to state 13
    SIM_T    shift, and go to state 14
    ANGLE_T  shift, and go to state 15
    ROT_T    shift, and go to state 16
    ID       shift, and go to state 17
    BROJ     shift, and go to state 18
    '('      shift, and go to state 19
    '|'      shift, and go to state 20

    izraz  go to state 27
    num    go to state 22


State 12

   15 izraz: REFLX_T • '(' izraz ')'

    '('  shift, and go to state 28


State 13

   16 izraz: REFLY_T • '(' izraz ')'

    '('  shift, and go to state 29


State 14

   14 izraz: SIM_T • '(' izraz ')'

    '('  shift, and go to state 30


State 15

   21 num: ANGLE_T • '(' izraz ',' izraz ')'

    '('  shift, and go to state 31


State 16

   17 izraz: ROT_T • '(' izraz ',' num ')'

    '('  shift, and go to state 32


State 17

   18 izraz: ID • '[' BROJ ']'
   19      | ID •

    '['  shift, and go to state 33

    $default  reduce using rule 19 (izraz)


State 18

   22 num: BROJ •

    $default  reduce using rule 22 (num)


State 19

    7 izraz: '(' • '<' BROJ ',' BROJ '>' ',' '<' BROJ ',' BROJ '>' ')'
   13      | '(' • izraz ')'

    '-'      shift, and go to state 10
    DEF_T    shift, and go to state 11
    REFLX_T  shift, and go to state 12
    REFLY_T  shift, and go to state 13
    SIM_T    shift, and go to state 14
    ANGLE_T  shift, and go to state 15
    ROT_T    shift, and go to state 16
    ID       shift, and go to state 17
    BROJ     shift, and go to state 18
    '('      shift, and go to state 19
    '<'      shift, and go to state 34
    '|'      shift, and go to state 20

    izraz  go to state 35
    num    go to state 22


State 20

   20 num: '|' • izraz '|'

    '-'      shift, and go to state 10
    DEF_T    shift, and go to state 11
    REFLX_T  shift, and go to state 12
    REFLY_T  shift, and go to state 13
    SIM_T    shift, and go to state 14
    ANGLE_T  shift, and go to state 15
    ROT_T    shift, and go to state 16
    ID       shift, and go to state 17
    BROJ     shift, and go to state 18
    '('      shift, and go to state 19
    '|'      shift, and go to state 20

    izraz  go to state 36
    num    go to state 22


State 21

    4 naredba: PRINT_T '(' izraz • ')'
    8 izraz: izraz • '+' izraz
    9      | izraz • '-' izraz
   12      | izraz • '*' num

    '-'  shift, and go to state 37
    '+'  shift, and go to state 38
    '*'  shift, and go to state 39
    ')'  shift, and go to state 40


State 22

   11 izraz: num • '*' izraz

    '*'  shift, and go to state 41


State 23

    5 naredba: ID DODELA LIST_T • '(' lista ')'

    '('  shift, and go to state 42


State 24

    3 naredba: ID DODELA izraz •
    8 izraz: izraz • '+' izraz
    9      | izraz • '-' izraz
   12      | izraz • '*' num

    '-'  shift, and go to state 37
    '+'  shift, and go to state 38
    '*'  shift, and go to state 39

    $default  reduce using rule 3 (naredba)


State 25

    1 program: program naredba '\n' •

    $default  reduce using rule 1 (program)


State 26

    8 izraz: izraz • '+' izraz
    9      | izraz • '-' izraz
   10      | '-' izraz •
   12      | izraz • '*' num

    $default  reduce using rule 10 (izraz)


State 27

    6 izraz: DEF_T izraz •
    8      | izraz • '+' izraz
    9      | izraz • '-' izraz
   12      | izraz • '*' num

    $default  reduce using rule 6 (izraz)


State 28

   15 izraz: REFLX_T '(' • izraz ')'

    '-'      shift, and go to state 10
    DEF_T    shift, and go to state 11
    REFLX_T  shift, and go to state 12
    REFLY_T  shift, and go to state 13
    SIM_T    shift, and go to state 14
    ANGLE_T  shift, and go to state 15
    ROT_T    shift, and go to state 16
    ID       shift, and go to state 17
    BROJ     shift, and go to state 18
    '('      shift, and go to state 19
    '|'      shift, and go to state 20

    izraz  go to state 43
    num    go to state 22


State 29

   16 izraz: REFLY_T '(' • izraz ')'

    '-'      shift, and go to state 10
    DEF_T    shift, and go to state 11
    REFLX_T  shift, and go to state 12
    REFLY_T  shift, and go to state 13
    SIM_T    shift, and go to state 14
    ANGLE_T  shift, and go to state 15
    ROT_T    shift, and go to state 16
    ID       shift, and go to state 17
    BROJ     shift, and go to state 18
    '('      shift, and go to state 19
    '|'      shift, and go to state 20

    izraz  go to state 44
    num    go to state 22


State 30

   14 izraz: SIM_T '(' • izraz ')'

    '-'      shift, and go to state 10
    DEF_T    shift, and go to state 11
    REFLX_T  shift, and go to state 12
    REFLY_T  shift, and go to state 13
    SIM_T    shift, and go to state 14
    ANGLE_T  shift, and go to state 15
    ROT_T    shift, and go to state 16
    ID       shift, and go to state 17
    BROJ     shift, and go to state 18
    '('      shift, and go to state 19
    '|'      shift, and go to state 20

    izraz  go to state 45
    num    go to state 22


State 31

   21 num: ANGLE_T '(' • izraz ',' izraz ')'

    '-'      shift, and go to state 10
    DEF_T    shift, and go to state 11
    REFLX_T  shift, and go to state 12
    REFLY_T  shift, and go to state 13
    SIM_T    shift, and go to state 14
    ANGLE_T  shift, and go to state 15
    ROT_T    shift, and go to state 16
    ID       shift, and go to state 17
    BROJ     shift, and go to state 18
    '('      shift, and go to state 19
    '|'      shift, and go to state 20

    izraz  go to state 46
    num    go to state 22


State 32

   17 izraz: ROT_T '(' • izraz ',' num ')'

    '-'      shift, and go to state 10
    DEF_T    shift, and go to state 11
    REFLX_T  shift, and go to state 12
    REFLY_T  shift, and go to state 13
    SIM_T    shift, and go to state 14
    ANGLE_T  shift, and go to state 15
    ROT_T    shift, and go to state 16
    ID       shift, and go to state 17
    BROJ     shift, and go to state 18
    '('      shift, and go to state 19
    '|'      shift, and go to state 20

    izraz  go to state 47
    num    go to state 22


State 33

   18 izraz: ID '[' • BROJ ']'

    BROJ  shift, and go to state 48


State 34

    7 izraz: '(' '<' • BROJ ',' BROJ '>' ',' '<' BROJ ',' BROJ '>' ')'

    BROJ  shift, and go to state 49


State 35

    8 izraz: izraz • '+' izraz
    9      | izraz • '-' izraz
   12      | izraz • '*' num
   13      | '(' izraz • ')'

    '-'  shift, and go to state 37
    '+'  shift, and go to state 38
    '*'  shift, and go to state 39
    ')'  shift, and go to state 50


State 36

    8 izraz: izraz • '+' izraz
    9      | izraz • '-' izraz
   12      | izraz • '*' num
   20 num: '|' izraz • '|'

    '-'  shift, and go to state 37
    '+'  shift, and go to state 38
    '*'  shift, and go to state 39
    '|'  shift, and go to state 51


State 37

    9 izraz: izraz '-' • izraz

    '-'      shift, and go to state 10
    DEF_T    shift, and go to state 11
    REFLX_T  shift, and go to state 12
    REFLY_T  shift, and go to state 13
    SIM_T    shift, and go to state 14
    ANGLE_T  shift, and go to state 15
    ROT_T    shift, and go to state 16
    ID       shift, and go to state 17
    BROJ     shift, and go to state 18
    '('      shift, and go to state 19
    '|'      shift, and go to state 20

    izraz  go to state 52
    num    go to state 22


State 38

    8 izraz: izraz '+' • izraz

    '-'      shift, and go to state 10
    DEF_T    shift, and go to state 11
    REFLX_T  shift, and go to state 12
    REFLY_T  shift, and go to state 13
    SIM_T    shift, and go to state 14
    ANGLE_T  shift, and go to state 15
    ROT_T    shift, and go to state 16
    ID       shift, and go to state 17
    BROJ     shift, and go to state 18
    '('      shift, and go to state 19
    '|'      shift, and go to state 20

    izraz  go to state 53
    num    go to state 22


State 39

   12 izraz: izraz '*' • num

    ANGLE_T  shift, and go to state 15
    BROJ     shift, and go to state 18
    '|'      shift, and go to state 20

    num  go to state 54


State 40

    4 naredba: PRINT_T '(' izraz ')' •

    $default  reduce using rule 4 (naredba)


State 41

   11 izraz: num '*' • izraz

    '-'      shift, and go to state 10
    DEF_T    shift, and go to state 11
    REFLX_T  shift, and go to state 12
    REFLY_T  shift, and go to state 13
    SIM_T    shift, and go to state 14
    ANGLE_T  shift, and go to state 15
    ROT_T    shift, and go to state 16
    ID       shift, and go to state 17
    BROJ     shift, and go to state 18
    '('      shift, and go to state 19
    '|'      shift, and go to state 20

    izraz  go to state 55
    num    go to state 22


State 42

    5 naredba: ID DODELA LIST_T '(' • lista ')'

    '-'      shift, and go to state 10
    DEF_T    shift, and go to state 11
    REFLX_T  shift, and go to state 12
    REFLY_T  shift, and go to state 13
    SIM_T    shift, and go to state 14
    ANGLE_T  shift, and go to state 15
    ROT_T    shift, and go to state 16
    ID       shift, and go to state 17
    BROJ     shift, and go to state 18
    '('      shift, and go to state 19
    '|'      shift, and go to state 20

    izraz  go to state 56
    num    go to state 22
    lista  go to state 57


State 43

    8 izraz: izraz • '+' izraz
    9      | izraz • '-' izraz
   12      | izraz • '*' num
   15      | REFLX_T '(' izraz • ')'

    '-'  shift, and go to state 37
    '+'  shift, and go to state 38
    '*'  shift, and go to state 39
    ')'  shift, and go to state 58


State 44

    8 izraz: izraz • '+' izraz
    9      | izraz • '-' izraz
   12      | izraz • '*' num
   16      | REFLY_T '(' izraz • ')'

    '-'  shift, and go to state 37
    '+'  shift, and go to state 38
    '*'  shift, and go to state 39
    ')'  shift, and go to state 59


State 45

    8 izraz: izraz • '+' izraz
    9      | izraz • '-' izraz
   12      | izraz • '*' num
   14      | SIM_T '(' izraz • ')'

    '-'  shift, and go to state 37
    '+'  shift, and go to state 38
    '*'  shift, and go to state 39
    ')'  shift, and go to state 60


State 46

    8 izraz: izraz • '+' izraz
    9      | izraz • '-' izraz
   12      | izraz • '*' num
   21 num: ANGLE_T '(' izraz • ',' izraz ')'

    '-'  shift, and go to state 37
    '+'  shift, and go to state 38
    '*'  shift, and go to state 39
    ','  shift, and go to state 61


State 47

    8 izraz: izraz • '+' izraz
    9      | izraz • '-' izraz
   12      | izraz • '*' num
   17      | ROT_T '(' izraz • ',' num ')'

    '-'  shift, and go to state 37
    '+'  shift, and go to state 38
    '*'  shift, and go to state 39
    ','  shift, and go to state 62


State 48

   18 izraz: ID '[' BROJ • ']'

    ']'  shift, and go to state 63


State 49

    7 izraz: '(' '<' BROJ • ',' BROJ '>' ',' '<' BROJ ',' BROJ '>' ')'

    ','  shift, and go to state 64


State 50

   13 izraz: '(' izraz ')' •

    $default  reduce using rule 13 (izraz)


State 51

   20 num: '|' izraz '|' •

    $default  reduce using rule 20 (num)


State 52

    8 izraz: izraz • '+' izraz
    9      | izraz • '-' izraz
    9      | izraz '-' izraz •
   12      | izraz • '*' num

    '*'  shift, and go to state 39

    $default  reduce using rule 9 (izraz)


State 53

    8 izraz: izraz • '+' izraz
    8      | izraz '+' izraz •
    9      | izraz • '-' izraz
   12      | izraz • '*' num

    '*'  shift, and go to state 39

    $default  reduce using rule 8 (izraz)


State 54

   12 izraz: izraz '*' num •

    $default  reduce using rule 12 (izraz)


State 55

    8 izraz: izraz • '+' izraz
    9      | izraz • '-' izraz
   11      | num '*' izraz •
   12      | izraz • '*' num

    $default  reduce using rule 11 (izraz)


State 56

    8 izraz: izraz • '+' izraz
    9      | izraz • '-' izraz
   12      | izraz • '*' num
   24 lista: izraz •

    '-'  shift, and go to state 37
    '+'  shift, and go to state 38
    '*'  shift, and go to state 39

    $default  reduce using rule 24 (lista)


State 57

    5 naredba: ID DODELA LIST_T '(' lista • ')'
   23 lista: lista • ',' izraz

    ')'  shift, and go to state 65
    ','  shift, and go to state 66


State 58

   15 izraz: REFLX_T '(' izraz ')' •

    $default  reduce using rule 15 (izraz)


State 59

   16 izraz: REFLY_T '(' izraz ')' •

    $default  reduce using rule 16 (izraz)


State 60

   14 izraz: SIM_T '(' izraz ')' •

    $default  reduce using rule 14 (izraz)


State 61

   21 num: ANGLE_T '(' izraz ',' • izraz ')'

    '-'      shift, and go to state 10
    DEF_T    shift, and go to state 11
    REFLX_T  shift, and go to state 12
    REFLY_T  shift, and go to state 13
    SIM_T    shift, and go to state 14
    ANGLE_T  shift, and go to state 15
    ROT_T    shift, and go to state 16
    ID       shift, and go to state 17
    BROJ     shift, and go to state 18
    '('      shift, and go to state 19
    '|'      shift, and go to state 20

    izraz  go to state 67
    num    go to state 22


State 62

   17 izraz: ROT_T '(' izraz ',' • num ')'

    ANGLE_T  shift, and go to state 15
    BROJ     shift, and go to state 18
    '|'      shift, and go to state 20

    num  go to state 68


State 63

   18 izraz: ID '[' BROJ ']' •

    $default  reduce using rule 18 (izraz)


State 64

    7 izraz: '(' '<' BROJ ',' • BROJ '>' ',' '<' BROJ ',' BROJ '>' ')'

    BROJ  shift, and go to state 69


State 65

    5 naredba: ID DODELA LIST_T '(' lista ')' •

    $default  reduce using rule 5 (naredba)


State 66

   23 lista: lista ',' • izraz

    '-'      shift, and go to state 10
    DEF_T    shift, and go to state 11
    REFLX_T  shift, and go to state 12
    REFLY_T  shift, and go to state 13
    SIM_T    shift, and go to state 14
    ANGLE_T  shift, and go to state 15
    ROT_T    shift, and go to state 16
    ID       shift, and go to state 17
    BROJ     shift, and go to state 18
    '('      shift, and go to state 19
    '|'      shift, and go to state 20

    izraz  go to state 70
    num    go to state 22


State 67

    8 izraz: izraz • '+' izraz
    9      | izraz • '-' izraz
   12      | izraz • '*' num
   21 num: ANGLE_T '(' izraz ',' izraz • ')'

    '-'  shift, and go to state 37
    '+'  shift, and go to state 38
    '*'  shift, and go to state 39
    ')'  shift, and go to state 71


State 68

   17 izraz: ROT_T '(' izraz ',' num • ')'

    ')'  shift, and go to state 72


State 69

    7 izraz: '(' '<' BROJ ',' BROJ • '>' ',' '<' BROJ ',' BROJ '>' ')'

    '>'  shift, and go to state 73


State 70

    8 izraz: izraz • '+' izraz
    9      | izraz • '-' izraz
   12      | izraz • '*' num
   23 lista: lista ',' izraz •

    '-'  shift, and go to state 37
    '+'  shift, and go to state 38
    '*'  shift, and go to state 39

    $default  reduce using rule 23 (lista)


State 71

   21 num: ANGLE_T '(' izraz ',' izraz ')' •

    $default  reduce using rule 21 (num)


State 72

   17 izraz: ROT_T '(' izraz ',' num ')' •

    $default  reduce using rule 17 (izraz)


State 73

    7 izraz: '(' '<' BROJ ',' BROJ '>' • ',' '<' BROJ ',' BROJ '>' ')'

    ','  shift, and go to state 74


State 74

    7 izraz: '(' '<' BROJ ',' BROJ '>' ',' • '<' BROJ ',' BROJ '>' ')'

    '<'  shift, and go to state 75


State 75

    7 izraz: '(' '<' BROJ ',' BROJ '>' ',' '<' • BROJ ',' BROJ '>' ')'

    BROJ  shift, and go to state 76


State 76

    7 izraz: '(' '<' BROJ ',' BROJ '>' ',' '<' BROJ • ',' BROJ '>' ')'

    ','  shift, and go to state 77


State 77

    7 izraz: '(' '<' BROJ ',' BROJ '>' ',' '<' BROJ ',' • BROJ '>' ')'

    BROJ  shift, and go to state 78


State 78

    7 izraz: '(' '<' BROJ ',' BROJ '>' ',' '<' BROJ ',' BROJ • '>' ')'

    '>'  shift, and go to state 79


State 79

    7 izraz: '(' '<' BROJ ',' BROJ '>' ',' '<' BROJ ',' BROJ '>' • ')'

    ')'  shift, and go to state 80


State 80

    7 izraz: '(' '<' BROJ ',' BROJ '>' ',' '<' BROJ ',' BROJ '>' ')' •

    $default  reduce using rule 7 (izraz)
