Grammar

    0 $accept: program $end

    1 program: program naredba ';'
    2        | naredba ';'

    3 naredba: ARRAY ID DODELA matrica
    4        | PRINT '(' matrica ')'
    5        | RESHAPE '(' '[' BROJ ',' BROJ ']' ',' matrica ')'

    6 matrica: '[' niz_vektora ']'
    7        | COUNT '(' BROJ ')'
    8        | '(' matrica ')'
    9        | matrica '+' matrica
   10        | matrica '-' matrica
   11        | matrica '*' matrica
   12        | '-' matrica
   13        | BROJ '*' matrica
   14        | ID

   15 niz_vektora: niz_vektora ';' vektor
   16            | vektor

   17 vektor: vektor ',' BROJ
   18       | BROJ


Terminals, with rules where they appear

    $end (0) 0
    '(' (40) 4 5 7 8
    ')' (41) 4 5 7 8
    '*' (42) 11 13
    '+' (43) 9
    ',' (44) 5 17
    '-' (45) 10 12
    ';' (59) 1 2 15
    '[' (91) 5 6
    ']' (93) 5 6
    error (256)
    UMINUS (258)
    ARRAY (259) 3
    PRINT (260) 4
    DODELA (261) 3
    COUNT (262) 7
    RESHAPE (263) 5
    ID <s> (264) 3 14
    BROJ <v> (265) 5 7 13 17 18


Nonterminals, with rules where they appear

    $accept (20)
        on left: 0
    program (21)
        on left: 1 2
        on right: 0 1
    naredba (22)
        on left: 3 4 5
        on right: 1 2
    matrica (23)
        on left: 6 7 8 9 10 11 12 13 14
        on right: 3 4 5 8 9 10 11 12 13
    niz_vektora (24)
        on left: 15 16
        on right: 6 15
    vektor (25)
        on left: 17 18
        on right: 15 16 17


State 0

    0 $accept: • program $end

    ARRAY    shift, and go to state 1
    PRINT    shift, and go to state 2
    RESHAPE  shift, and go to state 3

    program  go to state 4
    naredba  go to state 5


State 1

    3 naredba: ARRAY • ID DODELA matrica

    ID  shift, and go to state 6


State 2

    4 naredba: PRINT • '(' matrica ')'

    '('  shift, and go to state 7


State 3

    5 naredba: RESHAPE • '(' '[' BROJ ',' BROJ ']' ',' matrica ')'

    '('  shift, and go to state 8


State 4

    0 $accept: program • $end
    1 program: program • naredba ';'

    $end     shift, and go to state 9
    ARRAY    shift, and go to state 1
    PRINT    shift, and go to state 2
    RESHAPE  shift, and go to state 3

    naredba  go to state 10


State 5

    2 program: naredba • ';'

    ';'  shift, and go to state 11


State 6

    3 naredba: ARRAY ID • DODELA matrica

    DODELA  shift, and go to state 12


State 7

    4 naredba: PRINT '(' • matrica ')'

    '-'    shift, and go to state 13
    COUNT  shift, and go to state 14
    ID     shift, and go to state 15
    BROJ   shift, and go to state 16
    '('    shift, and go to state 17
    '['    shift, and go to state 18

    matrica  go to state 19


State 8

    5 naredba: RESHAPE '(' • '[' BROJ ',' BROJ ']' ',' matrica ')'

    '['  shift, and go to state 20


State 9

    0 $accept: program $end •

    $default  accept


State 10

    1 program: program naredba • ';'

    ';'  shift, and go to state 21


State 11

    2 program: naredba ';' •

    $default  reduce using rule 2 (program)


State 12

    3 naredba: ARRAY ID DODELA • matrica

    '-'    shift, and go to state 13
    COUNT  shift, and go to state 14
    ID     shift, and go to state 15
    BROJ   shift, and go to state 16
    '('    shift, and go to state 17
    '['    shift, and go to state 18

    matrica  go to state 22


State 13

   12 matrica: '-' • matrica

    '-'    shift, and go to state 13
    COUNT  shift, and go to state 14
    ID     shift, and go to state 15
    BROJ   shift, and go to state 16
    '('    shift, and go to state 17
    '['    shift, and go to state 18

    matrica  go to state 23


State 14

    7 matrica: COUNT • '(' BROJ ')'

    '('  shift, and go to state 24


State 15

   14 matrica: ID •

    $default  reduce using rule 14 (matrica)


State 16

   13 matrica: BROJ • '*' matrica

    '*'  shift, and go to state 25


State 17

    8 matrica: '(' • matrica ')'

    '-'    shift, and go to state 13
    COUNT  shift, and go to state 14
    ID     shift, and go to state 15
    BROJ   shift, and go to state 16
    '('    shift, and go to state 17
    '['    shift, and go to state 18

    matrica  go to state 26


State 18

    6 matrica: '[' • niz_vektora ']'

    BROJ  shift, and go to state 27

    niz_vektora  go to state 28
    vektor       go to state 29


State 19

    4 naredba: PRINT '(' matrica • ')'
    9 matrica: matrica • '+' matrica
   10        | matrica • '-' matrica
   11        | matrica • '*' matrica

    '+'  shift, and go to state 30
    '-'  shift, and go to state 31
    '*'  shift, and go to state 32
    ')'  shift, and go to state 33


State 20

    5 naredba: RESHAPE '(' '[' • BROJ ',' BROJ ']' ',' matrica ')'

    BROJ  shift, and go to state 34


State 21

    1 program: program naredba ';' •

    $default  reduce using rule 1 (program)


State 22

    3 naredba: ARRAY ID DODELA matrica •
    9 matrica: matrica • '+' matrica
   10        | matrica • '-' matrica
   11        | matrica • '*' matrica

    '+'  shift, and go to state 30
    '-'  shift, and go to state 31
    '*'  shift, and go to state 32

    $default  reduce using rule 3 (naredba)


State 23

    9 matrica: matrica • '+' matrica
   10        | matrica • '-' matrica
   11        | matrica • '*' matrica
   12        | '-' matrica •

    $default  reduce using rule 12 (matrica)


State 24

    7 matrica: COUNT '(' • BROJ ')'

    BROJ  shift, and go to state 35


State 25

   13 matrica: BROJ '*' • matrica

    '-'    shift, and go to state 13
    COUNT  shift, and go to state 14
    ID     shift, and go to state 15
    BROJ   shift, and go to state 16
    '('    shift, and go to state 17
    '['    shift, and go to state 18

    matrica  go to state 36


State 26

    8 matrica: '(' matrica • ')'
    9        | matrica • '+' matrica
   10        | matrica • '-' matrica
   11        | matrica • '*' matrica

    '+'  shift, and go to state 30
    '-'  shift, and go to state 31
    '*'  shift, and go to state 32
    ')'  shift, and go to state 37


State 27

   18 vektor: BROJ •

    $default  reduce using rule 18 (vektor)


State 28

    6 matrica: '[' niz_vektora • ']'
   15 niz_vektora: niz_vektora • ';' vektor

    ';'  shift, and go to state 38
    ']'  shift, and go to state 39


State 29

   16 niz_vektora: vektor •
   17 vektor: vektor • ',' BROJ

    ','  shift, and go to state 40

    $default  reduce using rule 16 (niz_vektora)


State 30

    9 matrica: matrica '+' • matrica

    '-'    shift, and go to state 13
    COUNT  shift, and go to state 14
    ID     shift, and go to state 15
    BROJ   shift, and go to state 16
    '('    shift, and go to state 17
    '['    shift, and go to state 18

    matrica  go to state 41


State 31

   10 matrica: matrica '-' • matrica

    '-'    shift, and go to state 13
    COUNT  shift, and go to state 14
    ID     shift, and go to state 15
    BROJ   shift, and go to state 16
    '('    shift, and go to state 17
    '['    shift, and go to state 18

    matrica  go to state 42


State 32

   11 matrica: matrica '*' • matrica

    '-'    shift, and go to state 13
    COUNT  shift, and go to state 14
    ID     shift, and go to state 15
    BROJ   shift, and go to state 16
    '('    shift, and go to state 17
    '['    shift, and go to state 18

    matrica  go to state 43


State 33

    4 naredba: PRINT '(' matrica ')' •

    $default  reduce using rule 4 (naredba)


State 34

    5 naredba: RESHAPE '(' '[' BROJ • ',' BROJ ']' ',' matrica ')'

    ','  shift, and go to state 44


State 35

    7 matrica: COUNT '(' BROJ • ')'

    ')'  shift, and go to state 45


State 36

    9 matrica: matrica • '+' matrica
   10        | matrica • '-' matrica
   11        | matrica • '*' matrica
   13        | BROJ '*' matrica •

    $default  reduce using rule 13 (matrica)


State 37

    8 matrica: '(' matrica ')' •

    $default  reduce using rule 8 (matrica)


State 38

   15 niz_vektora: niz_vektora ';' • vektor

    BROJ  shift, and go to state 27

    vektor  go to state 46


State 39

    6 matrica: '[' niz_vektora ']' •

    $default  reduce using rule 6 (matrica)


State 40

   17 vektor: vektor ',' • BROJ

    BROJ  shift, and go to state 47


State 41

    9 matrica: matrica • '+' matrica
    9        | matrica '+' matrica •
   10        | matrica • '-' matrica
   11        | matrica • '*' matrica

    '*'  shift, and go to state 32

    $default  reduce using rule 9 (matrica)


State 42

    9 matrica: matrica • '+' matrica
   10        | matrica • '-' matrica
   10        | matrica '-' matrica •
   11        | matrica • '*' matrica

    '*'  shift, and go to state 32

    $default  reduce using rule 10 (matrica)


State 43

    9 matrica: matrica • '+' matrica
   10        | matrica • '-' matrica
   11        | matrica • '*' matrica
   11        | matrica '*' matrica •

    $default  reduce using rule 11 (matrica)


State 44

    5 naredba: RESHAPE '(' '[' BROJ ',' • BROJ ']' ',' matrica ')'

    BROJ  shift, and go to state 48


State 45

    7 matrica: COUNT '(' BROJ ')' •

    $default  reduce using rule 7 (matrica)


State 46

   15 niz_vektora: niz_vektora ';' vektor •
   17 vektor: vektor • ',' BROJ

    ','  shift, and go to state 40

    $default  reduce using rule 15 (niz_vektora)


State 47

   17 vektor: vektor ',' BROJ •

    $default  reduce using rule 17 (vektor)


State 48

    5 naredba: RESHAPE '(' '[' BROJ ',' BROJ • ']' ',' matrica ')'

    ']'  shift, and go to state 49


State 49

    5 naredba: RESHAPE '(' '[' BROJ ',' BROJ ']' • ',' matrica ')'

    ','  shift, and go to state 50


State 50

    5 naredba: RESHAPE '(' '[' BROJ ',' BROJ ']' ',' • matrica ')'

    '-'    shift, and go to state 13
    COUNT  shift, and go to state 14
    ID     shift, and go to state 15
    BROJ   shift, and go to state 16
    '('    shift, and go to state 17
    '['    shift, and go to state 18

    matrica  go to state 51


State 51

    5 naredba: RESHAPE '(' '[' BROJ ',' BROJ ']' ',' matrica • ')'
    9 matrica: matrica • '+' matrica
   10        | matrica • '-' matrica
   11        | matrica • '*' matrica

    '+'  shift, and go to state 30
    '-'  shift, and go to state 31
    '*'  shift, and go to state 32
    ')'  shift, and go to state 52


State 52

    5 naredba: RESHAPE '(' '[' BROJ ',' BROJ ']' ',' matrica ')' •

    $default  reduce using rule 5 (naredba)
